bVNC/build/outputs/logs/manifest-merger-debug-report.txt
-- Merging decision tree log ---
manifest
ADDED from src/main/AndroidManifest.xml:2:1-94:12
INJECTED from src/main/AndroidManifest.xml:2:1-94:12
INJECTED from src/main/AndroidManifest.xml:2:1-94:12
MERGED from [:pubkeyGenerator] AndroidManifest.xml:2:1-22:12
MERGED from [:remoteClientLib] AndroidManifest.xml:2:1-24:12
MERGED from [:freeRDPCore] AndroidManifest.xml:2:1-10:12
MERGED from [com.android.support:appcompat-v7:27.1.1] AndroidManifest.xml:17:1-22:12
MERGED from [com.android.support:support-v4:27.1.1] AndroidManifest.xml:17:1-22:12
MERGED from [com.android.support:animated-vector-drawable:27.1.1] AndroidManifest.xml:17:1-22:12
MERGED from [com.android.support:support-vector-drawable:27.1.1] AndroidManifest.xml:17:1-22:12
MERGED from [net.zetetic:android-database-sqlcipher:3.5.9] AndroidManifest.xml:2:1-11:12
MERGED from [com.android.support:support-fragment:27.1.1] AndroidManifest.xml:17:1-22:12
MERGED from [com.android.support:support-core-ui:27.1.1] AndroidManifest.xml:17:1-22:12
MERGED from [com.android.support:support-core-utils:27.1.1] AndroidManifest.xml:17:1-22:12
MERGED from [com.android.support:support-media-compat:27.1.1] AndroidManifest.xml:17:1-22:12
MERGED from [com.android.support:support-compat:27.1.1] AndroidManifest.xml:17:1-22:12
MERGED from [android.arch.lifecycle:livedata-core:1.1.0] AndroidManifest.xml:17:1-22:12
MERGED from [android.arch.lifecycle:viewmodel:1.1.0] AndroidManifest.xml:17:1-22:12
MERGED from [android.arch.lifecycle:runtime:1.1.0] AndroidManifest.xml:17:1-22:12
MERGED from [android.arch.core:runtime:1.1.0] AndroidManifest.xml:17:1-22:12
INJECTED from src/main/AndroidManifest.xml:2:1-94:12
INJECTED from src/main/AndroidManifest.xml:2:1-94:12
	package
		ADDED from src/main/AndroidManifest.xml:4:11-41
	android:versionName
		ADDED from src/main/AndroidManifest.xml:5:40-68
		INJECTED from src/main/AndroidManifest.xml
		INJECTED from src/main/AndroidManifest.xml
	xmlns:tools
		ADDED from src/main/AndroidManifest.xml:3:11-57
	xmlns:android
		ADDED from src/main/AndroidManifest.xml:2:11-69
	android:versionCode
		ADDED from src/main/AndroidManifest.xml:5:11-39
		INJECTED from src/main/AndroidManifest.xml
		INJECTED from src/main/AndroidManifest.xml
	android:installLocation
		ADDED from src/main/AndroidManifest.xml:4:42-72
uses-permission
ADDED from src/main/AndroidManifest.xml:7:5-46
REJECTED from [:remoteClientLib] AndroidManifest.xml:10:5-67
REJECTED from [:remoteClientLib] AndroidManifest.xml:11:5-66
REJECTED from [:remoteClientLib] AndroidManifest.xml:12:5-80
REJECTED from [:remoteClientLib] AndroidManifest.xml:13:5-81
REJECTED from [:remoteClientLib] AndroidManifest.xml:14:5-79
REJECTED from [:remoteClientLib] AndroidManifest.xml:15:5-71
	tools:node
		ADDED from src/main/AndroidManifest.xml:7:22-44
uses-permission#android.permission.INTERNET
ADDED from src/main/AndroidManifest.xml:8:5-84
	android:name
		ADDED from src/main/AndroidManifest.xml:8:22-64
uses-permission#android.permission.VIBRATE
ADDED from src/main/AndroidManifest.xml:9:5-83
	android:name
		ADDED from src/main/AndroidManifest.xml:9:22-63
uses-permission#android.permission.ACCESS_NETWORK_STATE
ADDED from src/main/AndroidManifest.xml:10:5-96
	android:name
		ADDED from src/main/AndroidManifest.xml:10:22-76
uses-permission#android.permission.READ_EXTERNAL_STORAGE
ADDED from src/main/AndroidManifest.xml:11:5-97
	android:name
		ADDED from src/main/AndroidManifest.xml:11:22-77
uses-permission#android.permission.WRITE_EXTERNAL_STORAGE
ADDED from src/main/AndroidManifest.xml:12:5-98
	android:name
		ADDED from src/main/AndroidManifest.xml:12:22-78
uses-permission#android.permission.RECORD_AUDIO
ADDED from src/main/AndroidManifest.xml:13:5-88
	android:name
		ADDED from src/main/AndroidManifest.xml:13:22-68
uses-feature#android.hardware.touchscreen
ADDED from src/main/AndroidManifest.xml:14:5-90
MERGED from [:remoteClientLib] AndroidManifest.xml:17:5-19:36
MERGED from [:remoteClientLib] AndroidManifest.xml:17:5-19:36
	android:required
		ADDED from src/main/AndroidManifest.xml:14:63-87
	android:name
		ADDED from src/main/AndroidManifest.xml:14:19-62
uses-feature#android.hardware.microphone
ADDED from src/main/AndroidManifest.xml:15:5-88
MERGED from [:remoteClientLib] AndroidManifest.xml:20:5-22:36
MERGED from [:remoteClientLib] AndroidManifest.xml:20:5-22:36
	android:required
		ADDED from src/main/AndroidManifest.xml:15:62-86
	android:name
		ADDED from src/main/AndroidManifest.xml:15:19-61
supports-screens
ADDED from src/main/AndroidManifest.xml:17:5-22:36
	android:largeScreens
		ADDED from src/main/AndroidManifest.xml:19:9-36
	android:smallScreens
		ADDED from src/main/AndroidManifest.xml:21:9-36
	android:normalScreens
		ADDED from src/main/AndroidManifest.xml:20:9-37
	android:xlargeScreens
		ADDED from src/main/AndroidManifest.xml:18:9-37
	android:anyDensity
		ADDED from src/main/AndroidManifest.xml:22:9-34
application
ADDED from src/main/AndroidManifest.xml:24:5-93:19
MERGED from [:pubkeyGenerator] AndroidManifest.xml:11:5-20:19
MERGED from [:pubkeyGenerator] AndroidManifest.xml:11:5-20:19
	android:label
		ADDED from src/main/AndroidManifest.xml:24:55-94
		REJECTED from [:pubkeyGenerator] AndroidManifest.xml:12:9-41
	android:icon
		ADDED from src/main/AndroidManifest.xml:24:18-54
	android:allowBackup
		ADDED from src/main/AndroidManifest.xml:24:95-122
	android:theme
		ADDED from src/main/AndroidManifest.xml:24:123-154
		REJECTED from [:pubkeyGenerator] AndroidManifest.xml:13:9-40
	tools:replace
		ADDED from src/main/AndroidManifest.xml:24:193-236
	android:name
		ADDED from src/main/AndroidManifest.xml:24:155-192
activity#com.iiordanov.bVNC.aSPICE
ADDED from src/main/AndroidManifest.xml:25:17-37:28
	android:screenOrientation
		ADDED from src/main/AndroidManifest.xml:27:27-66
	android:label
		ADDED from src/main/AndroidManifest.xml:25:27-66
	android:windowSoftInputMode
		ADDED from src/main/AndroidManifest.xml:29:27-81
	android:resizeableActivity
		ADDED from src/main/AndroidManifest.xml:31:27-60
	android:configChanges
		ADDED from src/main/AndroidManifest.xml:28:27-77
	android:theme
		ADDED from src/main/AndroidManifest.xml:30:27-69
	android:name
		ADDED from src/main/AndroidManifest.xml:26:27-67
intent-filter#action:name:android.intent.action.MAIN+category:name:android.intent.category.LAUNCHER+category:name:android.intent.category.MULTIWINDOW_LAUNCHER
ADDED from src/main/AndroidManifest.xml:32:25-36:41
action#android.intent.action.MAIN
ADDED from src/main/AndroidManifest.xml:33:33-92
	android:name
		ADDED from src/main/AndroidManifest.xml:33:41-82
category#android.intent.category.LAUNCHER
ADDED from src/main/AndroidManifest.xml:34:33-102
	android:name
		ADDED from src/main/AndroidManifest.xml:34:43-90
category#android.intent.category.MULTIWINDOW_LAUNCHER
ADDED from src/main/AndroidManifest.xml:35:33-114
	android:name
		ADDED from src/main/AndroidManifest.xml:35:43-102
activity#com.iiordanov.bVNC.RemoteCanvasActivity
ADDED from src/main/AndroidManifest.xml:38:17-62:28
	android:screenOrientation
		ADDED from src/main/AndroidManifest.xml:38:27-66
	android:windowSoftInputMode
		ADDED from src/main/AndroidManifest.xml:41:21-75
	android:resizeableActivity
		ADDED from src/main/AndroidManifest.xml:43:21-54
	android:configChanges
		ADDED from src/main/AndroidManifest.xml:39:27-137
	android:theme
		ADDED from src/main/AndroidManifest.xml:42:27-58
	android:name
		ADDED from src/main/AndroidManifest.xml:40:21-75
intent-filter#action:name:android.intent.action.VIEW
ADDED from src/main/AndroidManifest.xml:44:24-46:40
action#android.intent.action.VIEW
ADDED from src/main/AndroidManifest.xml:45:33-92
	android:name
		ADDED from src/main/AndroidManifest.xml:45:41-82
intent-filter#action:name:android.intent.action.VIEW+category:name:android.intent.category.DEFAULT+data:scheme:spice
ADDED from src/main/AndroidManifest.xml:47:24-51:40
category#android.intent.category.DEFAULT
ADDED from src/main/AndroidManifest.xml:49:33-92
	android:name
		ADDED from src/main/AndroidManifest.xml:49:43-89
data
ADDED from src/main/AndroidManifest.xml:50:33-64
	android:scheme
		ADDED from src/main/AndroidManifest.xml:50:39-61
	android:mimeType
		ADDED from src/main/AndroidManifest.xml:55:39-77
intent-filter#action:name:android.intent.action.VIEW+category:name:android.intent.category.DEFAULT+data:mimeType:application/vnd.vnc
ADDED from src/main/AndroidManifest.xml:52:24-56:40
intent-filter#action:name:android.intent.action.VIEW+category:name:android.intent.category.DEFAULT+data:mimeType:application/vnd.spice
ADDED from src/main/AndroidManifest.xml:57:24-61:40
activity#com.iiordanov.bVNC.ConnectionListActivity
ADDED from src/main/AndroidManifest.xml:63:17-72:28
	android:label
		ADDED from src/main/AndroidManifest.xml:64:27-71
	android:windowSoftInputMode
		ADDED from src/main/AndroidManifest.xml:65:27-81
	android:resizeableActivity
		ADDED from src/main/AndroidManifest.xml:67:27-60
	android:theme
		ADDED from src/main/AndroidManifest.xml:66:27-69
	android:name
		ADDED from src/main/AndroidManifest.xml:63:27-83
intent-filter#action:name:android.intent.action.CREATE_SHORTCUT+category:name:android.intent.category.DEFAULT
ADDED from src/main/AndroidManifest.xml:68:24-71:40
action#android.intent.action.CREATE_SHORTCUT
ADDED from src/main/AndroidManifest.xml:69:33-96
	android:name
		ADDED from src/main/AndroidManifest.xml:69:41-93
activity#com.iiordanov.pubkeygenerator.GeneratePubkeyActivity
ADDED from src/main/AndroidManifest.xml:73:3-79:54
MERGED from [:pubkeyGenerator] AndroidManifest.xml:14:9-19:20
MERGED from [:pubkeyGenerator] AndroidManifest.xml:14:9-19:20
	android:screenOrientation
		ADDED from src/main/AndroidManifest.xml:76:19-58
		REJECTED from [:pubkeyGenerator] AndroidManifest.xml:17:13-50
	android:label
		ADDED from [:pubkeyGenerator] AndroidManifest.xml:16:13-68
	android:windowSoftInputMode
		ADDED from src/main/AndroidManifest.xml:75:19-73
	android:resizeableActivity
		ADDED from src/main/AndroidManifest.xml:79:19-52
	android:configChanges
		ADDED from src/main/AndroidManifest.xml:74:19-69
	android:theme
		ADDED from src/main/AndroidManifest.xml:78:19-61
	tools:replace
		ADDED from src/main/AndroidManifest.xml:77:19-60
	android:name
		ADDED from src/main/AndroidManifest.xml:73:13-80
uses-library#com.sec.android.app.multiwindow
ADDED from src/main/AndroidManifest.xml:80:17-119
	android:required
		ADDED from src/main/AndroidManifest.xml:80:31-55
	android:name
		ADDED from src/main/AndroidManifest.xml:80:56-102
meta-data#com.sec.android.support.multiwindow
ADDED from src/main/AndroidManifest.xml:81:17-82:51
	android:value
		ADDED from src/main/AndroidManifest.xml:82:28-48
	android:name
		ADDED from src/main/AndroidManifest.xml:81:28-78
meta-data#com.sec.android.multiwindow.DEFAULT_SIZE_W
ADDED from src/main/AndroidManifest.xml:83:17-84:74
	android:resource
		ADDED from src/main/AndroidManifest.xml:84:28-71
	android:name
		ADDED from src/main/AndroidManifest.xml:83:28-85
meta-data#com.sec.android.multiwindow.DEFAULT_SIZE_H
ADDED from src/main/AndroidManifest.xml:85:17-86:74
	android:resource
		ADDED from src/main/AndroidManifest.xml:86:28-71
	android:name
		ADDED from src/main/AndroidManifest.xml:85:28-85
meta-data#com.sec.android.multiwindow.MINIMUM_SIZE_W
ADDED from src/main/AndroidManifest.xml:87:17-88:74
	android:resource
		ADDED from src/main/AndroidManifest.xml:88:28-71
	android:name
		ADDED from src/main/AndroidManifest.xml:87:28-85
meta-data#com.sec.android.multiwindow.MINIMUM_SIZE_H
ADDED from src/main/AndroidManifest.xml:89:17-90:74
	android:resource
		ADDED from src/main/AndroidManifest.xml:90:28-71
	android:name
		ADDED from src/main/AndroidManifest.xml:89:28-85
activity#com.iiordanov.aSPICE.presentation.ShortcutsActivity
ADDED from src/main/AndroidManifest.xml:91:9-87
	tools:node
		ADDED from src/main/AndroidManifest.xml:91:66-85
	android:name
		ADDED from src/main/AndroidManifest.xml:91:19-65
meta-data#com.samsung.android.keepalive.density
ADDED from src/main/AndroidManifest.xml:92:9-95
	android:value
		ADDED from src/main/AndroidManifest.xml:92:73-93
	android:name
		ADDED from src/main/AndroidManifest.xml:92:20-72
uses-sdk
INJECTED from src/main/AndroidManifest.xml reason: use-sdk injection requested
INJECTED from src/main/AndroidManifest.xml
INJECTED from src/main/AndroidManifest.xml
MERGED from [:pubkeyGenerator] AndroidManifest.xml:7:5-9:41
MERGED from [:pubkeyGenerator] AndroidManifest.xml:7:5-9:41
MERGED from [:remoteClientLib] AndroidManifest.xml:6:5-8:41
MERGED from [:remoteClientLib] AndroidManifest.xml:6:5-8:41
MERGED from [:freeRDPCore] AndroidManifest.xml:6:5-8:41
MERGED from [:freeRDPCore] AndroidManifest.xml:6:5-8:41
MERGED from [com.android.support:appcompat-v7:27.1.1] AndroidManifest.xml:20:5-44
MERGED from [com.android.support:appcompat-v7:27.1.1] AndroidManifest.xml:20:5-44
MERGED from [com.android.support:support-v4:27.1.1] AndroidManifest.xml:20:5-44
MERGED from [com.android.support:support-v4:27.1.1] AndroidManifest.xml:20:5-44
MERGED from [com.android.support:animated-vector-drawable:27.1.1] AndroidManifest.xml:20:5-44
MERGED from [com.android.support:animated-vector-drawable:27.1.1] AndroidManifest.xml:20:5-44
MERGED from [com.android.support:support-vector-drawable:27.1.1] AndroidManifest.xml:20:5-44
MERGED from [com.android.support:support-vector-drawable:27.1.1] AndroidManifest.xml:20:5-44
MERGED from [net.zetetic:android-database-sqlcipher:3.5.9] AndroidManifest.xml:7:5-9:41
MERGED from [net.zetetic:android-database-sqlcipher:3.5.9] AndroidManifest.xml:7:5-9:41
MERGED from [com.android.support:support-fragment:27.1.1] AndroidManifest.xml:20:5-44
MERGED from [com.android.support:support-fragment:27.1.1] AndroidManifest.xml:20:5-44
MERGED from [com.android.support:support-core-ui:27.1.1] AndroidManifest.xml:20:5-44
MERGED from [com.android.support:support-core-ui:27.1.1] AndroidManifest.xml:20:5-44
MERGED from [com.android.support:support-core-utils:27.1.1] AndroidManifest.xml:20:5-44
MERGED from [com.android.support:support-core-utils:27.1.1] AndroidManifest.xml:20:5-44
MERGED from [com.android.support:support-media-compat:27.1.1] AndroidManifest.xml:20:5-44
MERGED from [com.android.support:support-media-compat:27.1.1] AndroidManifest.xml:20:5-44
MERGED from [com.android.support:support-compat:27.1.1] AndroidManifest.xml:20:5-44
MERGED from [com.android.support:support-compat:27.1.1] AndroidManifest.xml:20:5-44
MERGED from [android.arch.lifecycle:livedata-core:1.1.0] AndroidManifest.xml:20:5-44
MERGED from [android.arch.lifecycle:livedata-core:1.1.0] AndroidManifest.xml:20:5-44
MERGED from [android.arch.lifecycle:viewmodel:1.1.0] AndroidManifest.xml:20:5-44
MERGED from [android.arch.lifecycle:viewmodel:1.1.0] AndroidManifest.xml:20:5-44
MERGED from [android.arch.lifecycle:runtime:1.1.0] AndroidManifest.xml:20:5-44
MERGED from [android.arch.lifecycle:runtime:1.1.0] AndroidManifest.xml:20:5-44
MERGED from [android.arch.core:runtime:1.1.0] AndroidManifest.xml:20:5-44
MERGED from [android.arch.core:runtime:1.1.0] AndroidManifest.xml:20:5-44
INJECTED from src/main/AndroidManifest.xml
INJECTED from src/main/AndroidManifest.xml
	android:targetSdkVersion
		INJECTED from src/main/AndroidManifest.xml
		ADDED from src/main/AndroidManifest.xml
		INJECTED from src/main/AndroidManifest.xml
	android:minSdkVersion
		INJECTED from src/main/AndroidManifest.xml
		ADDED from src/main/AndroidManifest.xml
		INJECTED from src/main/AndroidManifest.xml